{"/Users/nikhin/Documents/test-npm/graph-test/src/data/index.ts": {"path":"/Users/nikhin/Documents/test-npm/graph-test/src/data/index.ts","statementMap":{"0":{"start":{"line":1,"column":13},"end":{"line":66,"column":2}},"1":{"start":{"line":68,"column":13},"end":{"line":133,"column":2}}},"fnMap":{},"branchMap":{},"s":{"0":1,"1":1},"f":{},"b":{}}
,"/Users/nikhin/Documents/test-npm/graph-test/src/scatter-graph/ScatterGraph.tsx": {"path":"/Users/nikhin/Documents/test-npm/graph-test/src/scatter-graph/ScatterGraph.tsx","statementMap":{"0":{"start":{"line":1,"column":0},"end":{"line":1,"column":63}},"1":{"start":{"line":4,"column":0},"end":{"line":4,"column":22}},"2":{"start":{"line":6,"column":48},"end":{"line":139,"column":1}},"3":{"start":{"line":18,"column":24},"end":{"line":18,"column":68}},"4":{"start":{"line":19,"column":50},"end":{"line":19,"column":65}},"5":{"start":{"line":20,"column":38},"end":{"line":20,"column":49}},"6":{"start":{"line":23,"column":21},"end":{"line":23,"column":56}},"7":{"start":{"line":24,"column":21},"end":{"line":24,"column":56}},"8":{"start":{"line":27,"column":2},"end":{"line":33,"column":19}},"9":{"start":{"line":28,"column":4},"end":{"line":30,"column":6}},"10":{"start":{"line":29,"column":6},"end":{"line":29,"column":59}},"11":{"start":{"line":32,"column":4},"end":{"line":32,"column":57}},"12":{"start":{"line":36,"column":21},"end":{"line":36,"column":23}},"13":{"start":{"line":37,"column":22},"end":{"line":37,"column":31}},"14":{"start":{"line":38,"column":17},"end":{"line":38,"column":35}},"15":{"start":{"line":39,"column":17},"end":{"line":39,"column":34}},"16":{"start":{"line":40,"column":18},"end":{"line":40,"column":97}},"17":{"start":{"line":40,"column":73},"end":{"line":40,"column":96}},"18":{"start":{"line":41,"column":18},"end":{"line":41,"column":97}},"19":{"start":{"line":41,"column":73},"end":{"line":41,"column":96}},"20":{"start":{"line":42,"column":31},"end":{"line":46,"column":5}},"21":{"start":{"line":42,"column":63},"end":{"line":45,"column":null}},"22":{"start":{"line":48,"column":2},"end":{"line":138,"column":4}},"23":{"start":{"line":65,"column":10},"end":{"line":72,"column":null}},"24":{"start":{"line":81,"column":12},"end":{"line":90,"column":null}},"25":{"start":{"line":106,"column":12},"end":{"line":118,"column":null}},"26":{"start":{"line":113,"column":16},"end":{"line":113,"column":36}},"27":{"start":{"line":114,"column":16},"end":{"line":114,"column":42}},"28":{"start":{"line":117,"column":16},"end":{"line":117,"column":43}},"29":{"start":{"line":124,"column":12},"end":{"line":132,"column":null}},"30":{"start":{"line":141,"column":0},"end":{"line":141,"column":28}}},"fnMap":{"0":{"name":"(anonymous_0)","decl":{"start":{"line":6,"column":48},"end":{"line":6,"column":49}},"loc":{"start":{"line":16,"column":5},"end":{"line":139,"column":1}}},"1":{"name":"(anonymous_1)","decl":{"start":{"line":27,"column":12},"end":{"line":27,"column":15}},"loc":{"start":{"line":27,"column":17},"end":{"line":33,"column":3}}},"2":{"name":"(anonymous_2)","decl":{"start":{"line":28,"column":22},"end":{"line":28,"column":31}},"loc":{"start":{"line":28,"column":33},"end":{"line":30,"column":5}}},"3":{"name":"(anonymous_3)","decl":{"start":{"line":40,"column":59},"end":{"line":40,"column":60}},"loc":{"start":{"line":40,"column":73},"end":{"line":40,"column":96}}},"4":{"name":"(anonymous_4)","decl":{"start":{"line":41,"column":59},"end":{"line":41,"column":60}},"loc":{"start":{"line":41,"column":73},"end":{"line":41,"column":96}}},"5":{"name":"(anonymous_5)","decl":{"start":{"line":42,"column":40},"end":{"line":42,"column":41}},"loc":{"start":{"line":42,"column":63},"end":{"line":45,"column":null}}},"6":{"name":"(anonymous_6)","decl":{"start":{"line":64,"column":31},"end":{"line":64,"column":32}},"loc":{"start":{"line":65,"column":10},"end":{"line":72,"column":null}}},"7":{"name":"(anonymous_7)","decl":{"start":{"line":80,"column":33},"end":{"line":80,"column":34}},"loc":{"start":{"line":81,"column":12},"end":{"line":90,"column":null}}},"8":{"name":"(anonymous_8)","decl":{"start":{"line":105,"column":36},"end":{"line":105,"column":37}},"loc":{"start":{"line":106,"column":12},"end":{"line":118,"column":null}}},"9":{"name":"(anonymous_9)","decl":{"start":{"line":112,"column":28},"end":{"line":112,"column":37}},"loc":{"start":{"line":112,"column":39},"end":{"line":115,"column":15}}},"10":{"name":"(anonymous_10)","decl":{"start":{"line":116,"column":28},"end":{"line":116,"column":37}},"loc":{"start":{"line":116,"column":39},"end":{"line":118,"column":15}}},"11":{"name":"(anonymous_11)","decl":{"start":{"line":123,"column":23},"end":{"line":123,"column":24}},"loc":{"start":{"line":124,"column":12},"end":{"line":132,"column":null}}}},"branchMap":{"0":{"loc":{"start":{"line":12,"column":2},"end":{"line":12,"column":19}},"type":"default-arg","locations":[{"start":{"line":12,"column":16},"end":{"line":12,"column":19}}]},"1":{"loc":{"start":{"line":29,"column":20},"end":{"line":29,"column":57}},"type":"binary-expr","locations":[{"start":{"line":29,"column":20},"end":{"line":29,"column":52}},{"start":{"line":29,"column":56},"end":{"line":29,"column":57}}]},"2":{"loc":{"start":{"line":29,"column":20},"end":{"line":29,"column":52}},"type":"cond-expr","locations":[{"start":{"line":29,"column":39},"end":{"line":29,"column":41}},{"start":{"line":29,"column":39},"end":{"line":29,"column":52}}]},"3":{"loc":{"start":{"line":29,"column":20},"end":{"line":29,"column":41}},"type":"binary-expr","locations":[{"start":{"line":29,"column":20},"end":{"line":29,"column":41}},{"start":{"line":29,"column":39},"end":{"line":29,"column":41}}]},"4":{"loc":{"start":{"line":29,"column":20},"end":{"line":29,"column":39}},"type":"cond-expr","locations":[{"start":{"line":29,"column":30},"end":{"line":29,"column":32}},{"start":{"line":29,"column":20},"end":{"line":29,"column":39}}]},"5":{"loc":{"start":{"line":29,"column":20},"end":{"line":29,"column":32}},"type":"binary-expr","locations":[{"start":{"line":29,"column":20},"end":{"line":29,"column":32}},{"start":{"line":29,"column":20},"end":{"line":29,"column":32}}]},"6":{"loc":{"start":{"line":32,"column":18},"end":{"line":32,"column":55}},"type":"binary-expr","locations":[{"start":{"line":32,"column":18},"end":{"line":32,"column":50}},{"start":{"line":32,"column":54},"end":{"line":32,"column":55}}]},"7":{"loc":{"start":{"line":32,"column":18},"end":{"line":32,"column":50}},"type":"cond-expr","locations":[{"start":{"line":32,"column":37},"end":{"line":32,"column":39}},{"start":{"line":32,"column":37},"end":{"line":32,"column":50}}]},"8":{"loc":{"start":{"line":32,"column":18},"end":{"line":32,"column":39}},"type":"binary-expr","locations":[{"start":{"line":32,"column":18},"end":{"line":32,"column":39}},{"start":{"line":32,"column":37},"end":{"line":32,"column":39}}]},"9":{"loc":{"start":{"line":32,"column":18},"end":{"line":32,"column":37}},"type":"cond-expr","locations":[{"start":{"line":32,"column":28},"end":{"line":32,"column":30}},{"start":{"line":32,"column":18},"end":{"line":32,"column":37}}]},"10":{"loc":{"start":{"line":32,"column":18},"end":{"line":32,"column":30}},"type":"binary-expr","locations":[{"start":{"line":32,"column":18},"end":{"line":32,"column":30}},{"start":{"line":32,"column":18},"end":{"line":32,"column":30}}]},"11":{"loc":{"start":{"line":50,"column":7},"end":{"line":61,"column":null}},"type":"binary-expr","locations":[{"start":{"line":50,"column":7},"end":{"line":50,"column":23}},{"start":{"line":51,"column":8},"end":{"line":60,"column":null}}]},"12":{"loc":{"start":{"line":72,"column":13},"end":{"line":72,"column":57}},"type":"cond-expr","locations":[{"start":{"line":72,"column":28},"end":{"line":72,"column":48}},{"start":{"line":72,"column":51},"end":{"line":72,"column":57}}]},"13":{"loc":{"start":{"line":93,"column":11},"end":{"line":103,"column":null}},"type":"binary-expr","locations":[{"start":{"line":93,"column":11},"end":{"line":93,"column":27}},{"start":{"line":94,"column":12},"end":{"line":102,"column":null}}]},"14":{"loc":{"start":{"line":110,"column":20},"end":{"line":110,"column":79}},"type":"cond-expr","locations":[{"start":{"line":110,"column":40},"end":{"line":110,"column":70}},{"start":{"line":110,"column":73},"end":{"line":110,"column":79}}]},"15":{"loc":{"start":{"line":132,"column":15},"end":{"line":132,"column":55}},"type":"cond-expr","locations":[{"start":{"line":132,"column":30},"end":{"line":132,"column":48}},{"start":{"line":132,"column":51},"end":{"line":132,"column":55}}]}},"s":{"0":1,"1":1,"2":1,"3":4,"4":4,"5":4,"6":4,"7":4,"8":4,"9":4,"10":0,"11":4,"12":4,"13":4,"14":4,"15":4,"16":4,"17":40,"18":4,"19":48,"20":4,"21":64,"22":4,"23":40,"24":40,"25":64,"26":0,"27":0,"28":0,"29":48,"30":1},"f":{"0":4,"1":4,"2":0,"3":40,"4":48,"5":64,"6":40,"7":40,"8":64,"9":0,"10":0,"11":48},"b":{"0":[0],"1":[0,0],"2":[0,0],"3":[0,0],"4":[0,0],"5":[0,0],"6":[4,4],"7":[0,4],"8":[4,4],"9":[0,4],"10":[4,4],"11":[4,0],"12":[10,30],"13":[4,0],"14":[16,48],"15":[12,36]}}
}
