TN:
SF:src/data/index.ts
FNF:0
FNH:0
DA:1,1
DA:68,1
LF:2
LH:2
BRF:0
BRH:0
end_of_record
TN:
SF:src/scatter-graph/ScatterGraph.tsx
FN:6,(anonymous_0)
FN:27,(anonymous_1)
FN:28,(anonymous_2)
FN:40,(anonymous_3)
FN:41,(anonymous_4)
FN:42,(anonymous_5)
FN:64,(anonymous_6)
FN:80,(anonymous_7)
FN:105,(anonymous_8)
FN:112,(anonymous_9)
FN:116,(anonymous_10)
FN:123,(anonymous_11)
FNF:12
FNH:9
FNDA:4,(anonymous_0)
FNDA:4,(anonymous_1)
FNDA:0,(anonymous_2)
FNDA:40,(anonymous_3)
FNDA:48,(anonymous_4)
FNDA:64,(anonymous_5)
FNDA:40,(anonymous_6)
FNDA:40,(anonymous_7)
FNDA:64,(anonymous_8)
FNDA:0,(anonymous_9)
FNDA:0,(anonymous_10)
FNDA:48,(anonymous_11)
DA:1,1
DA:4,1
DA:6,1
DA:18,4
DA:19,4
DA:20,4
DA:23,4
DA:24,4
DA:27,4
DA:28,4
DA:29,0
DA:32,4
DA:36,4
DA:37,4
DA:38,4
DA:39,4
DA:40,40
DA:41,48
DA:42,64
DA:48,4
DA:65,40
DA:81,40
DA:106,64
DA:113,0
DA:114,0
DA:117,0
DA:124,48
DA:141,1
LF:28
LH:24
BRDA:12,0,0,0
BRDA:29,1,0,0
BRDA:29,1,1,0
BRDA:29,2,0,0
BRDA:29,2,1,0
BRDA:29,3,0,0
BRDA:29,3,1,0
BRDA:29,4,0,0
BRDA:29,4,1,0
BRDA:29,5,0,0
BRDA:29,5,1,0
BRDA:32,6,0,4
BRDA:32,6,1,4
BRDA:32,7,0,0
BRDA:32,7,1,4
BRDA:32,8,0,4
BRDA:32,8,1,4
BRDA:32,9,0,0
BRDA:32,9,1,4
BRDA:32,10,0,4
BRDA:32,10,1,4
BRDA:50,11,0,4
BRDA:50,11,1,0
BRDA:72,12,0,10
BRDA:72,12,1,30
BRDA:93,13,0,4
BRDA:93,13,1,0
BRDA:110,14,0,16
BRDA:110,14,1,48
BRDA:132,15,0,12
BRDA:132,15,1,36
BRF:31
BRH:16
end_of_record
